5.6734 	EXP 	Created window1 = Window(allowGUI=True, allowStencil=False, autoLog=True, backendConf=UNKNOWN, backgroundFit=<method-wrapper '__getattribute__' of attributeSetter object at 0x000002C6635F1040>, backgroundImage=<method-wrapper '__getattribute__' of attributeSetter object at 0x000002C6635E2E80>, bitsMode=UNKNOWN, blendMode='avg', bpc=(8, 8, 8), color=array([0, 0, 0]), colorSpace='rgb', depthBits=8, fullscr=<method-wrapper '__getattribute__' of attributeSetter object at 0x000002C6635E2D00>, gamma=None, gammaErrorPolicy='raise', lms=UNKNOWN, monitor=<psychopy.monitors.calibTools.Monitor object at 0x000002C6645E58E0>, multiSample=False, name='window1', numSamples=2, pos=(426, 266), screen=0, size=array([1707, 1067]), stencilBits=0, stereo=False, units='height', useFBO=True, useRetina=False, viewOri=0.0, viewPos=None, viewScale=None, waitBlanking=True, winType='pyglet')
5.6737 	EXP 	window1: mouseVisible = True
5.6737 	EXP 	window1: backgroundImage = ''
5.6737 	EXP 	window1: backgroundFit = 'none'
5.6738 	EXP 	window1: mouseVisible = True
5.6738 	EXP 	window1: Attempting to measure frame rate of screen (0) ...
5.6738 	EXP 	window1: recordFrameIntervals = False
5.8397 	EXP 	window1: recordFrameIntervals = True
6.0226 	EXP 	Screen (0) actual frame rate measured at 60.02Hz
6.0226 	EXP 	window1: recordFrameIntervals = False
6.0365 	WARNING 	launchHubServer: If using the iohub mouse or eyetracker devices, fullScr should be True.
7.3598 	EXP 	Created Instruction = TextStim(__class__=<class 'psychopy.visual.text.TextStim'>, alignHoriz=method-wrapper(...), alignText='center', alignVert=method-wrapper(...), anchorHoriz='center', anchorVert='center', antialias=True, autoDraw=False, autoLog=True, bold=False, color=array([1., 1., 1.]), colorSpace='rgb', contrast=1.0, depth=0.0, flipHoriz=False, flipVert=False, font='Open Sans', fontFiles=[], height=0.05, italic=False, languageStyle='LTR', name='Instruction', opacity=1.0, ori=0.0, pos=array([0., 0.]), rgb=UNKNOWN, text=str(...), units='height', win=Window(...), wrapWidth=1)
7.3633 	EXP 	Created startDemo = TextStim(__class__=<class 'psychopy.visual.text.TextStim'>, alignHoriz=method-wrapper(...), alignText='center', alignVert=method-wrapper(...), anchorHoriz='center', anchorVert='center', antialias=True, autoDraw=False, autoLog=True, bold=False, color=array([1., 1., 1.]), colorSpace='rgb', contrast=1.0, depth=0.0, flipHoriz=False, flipVert=False, font='Open Sans', fontFiles=[], height=0.05, italic=False, languageStyle='LTR', name='startDemo', opacity=1.0, ori=0.0, pos=array([0., 0.]), rgb=UNKNOWN, text='Before we start, let us try a demo.', units='height', win=Window(...), wrapWidth=1)
7.3686 	EXP 	Created demoInstruction = TextStim(__class__=<class 'psychopy.visual.text.TextStim'>, alignHoriz=method-wrapper(...), alignText='center', alignVert=method-wrapper(...), anchorHoriz='center', anchorVert='center', antialias=True, autoDraw=False, autoLog=True, bold=False, color=array([1., 1., 1.]), colorSpace='rgb', contrast=1.0, depth=-1.0, flipHoriz=False, flipVert=False, font='Open Sans', fontFiles=[], height=0.05, italic=False, languageStyle='LTR', name='demoInstruction', opacity=1.0, ori=0.0, pos=array([0., 0.]), rgb=UNKNOWN, text=str(...), units='height', win=Window(...), wrapWidth=1)
7.3711 	EXP 	Created demoFixation = ShapeStim(__class__=<class 'psychopy.visual.shape.ShapeStim'>, anchor=('center', 'center'), autoDraw=False, autoLog=True, closeShape=True, color=method-wrapper(...), colorSpace='rgb', contrast=None, depth=-2.0, fillColor=array([1, 1, 1]), fillColorSpace='rgb', fillRGB=array([1, 1, 1]), interpolate=True, lineColor=array([1., 1., 1.]), lineColorSpace='rgb', lineRGB=array([1, 1, 1]), lineWidth=1.0, name='demoFixation', opacity=1.0, ori=0.0, pos=array([0., 0.]), size=array([0.5, 0.5]), units='height', vertices=ndarray(...), win=Window(...), windingRule=None)
7.3792 	EXP 	Created demoImage = ImageStim(__class__=<class 'psychopy.visual.image.ImageStim'>, anchor=('center', 'center'), autoLog=True, color=array([1., 1., 1.]), colorSpace='rgb', contrast=1.0, depth=-3.0, flipHoriz=False, flipVert=False, image='default.png', interpolate=True, mask=None, maskParams=None, name='demoImage', opacity=1.0, ori=0.0, pos=array([0., 0.]), size=array([0.5, 0.5]), texRes=128.0, units='height', win=Window(...))
7.3801 	EXP 	Created Feedback = TextStim(__class__=<class 'psychopy.visual.text.TextStim'>, alignHoriz=method-wrapper(...), alignText='center', alignVert=method-wrapper(...), anchorHoriz='center', anchorVert='center', antialias=True, autoDraw=False, autoLog=True, bold=False, color=array([1., 1., 1.]), colorSpace='rgb', contrast=1.0, depth=-1.0, flipHoriz=False, flipVert=False, font='Open Sans', fontFiles=[], height=0.05, italic=False, languageStyle='LTR', name='Feedback', opacity=1.0, ori=0.0, pos=array([0., 0.]), rgb=UNKNOWN, text='', units='height', win=Window(...), wrapWidth=1)
7.3848 	EXP 	Created demoLoop = TextStim(__class__=<class 'psychopy.visual.text.TextStim'>, alignHoriz=method-wrapper(...), alignText='center', alignVert=method-wrapper(...), anchorHoriz='center', anchorVert='center', antialias=True, autoDraw=False, autoLog=True, bold=False, color=array([1., 1., 1.]), colorSpace='rgb', contrast=1.0, depth=-2.0, flipHoriz=False, flipVert=False, font='Open Sans', fontFiles=[], height=0.05, italic=False, languageStyle='LTR', name='demoLoop', opacity=1.0, ori=0.0, pos=array([0., 0.]), rgb=UNKNOWN, text=str(...), units='height', win=Window(...), wrapWidth=1)
7.3894 	EXP 	Created expInstruction = TextStim(__class__=<class 'psychopy.visual.text.TextStim'>, alignHoriz=method-wrapper(...), alignText='center', alignVert=method-wrapper(...), anchorHoriz='center', anchorVert='center', antialias=True, autoDraw=False, autoLog=True, bold=False, color=array([1., 1., 1.]), colorSpace='rgb', contrast=1.0, depth=0.0, flipHoriz=False, flipVert=False, font='Open Sans', fontFiles=[], height=0.05, italic=False, languageStyle='LTR', name='expInstruction', opacity=1.0, ori=0.0, pos=array([0., 0.]), rgb=UNKNOWN, text=str(...), units='height', win=Window(...), wrapWidth=1)
7.3911 	EXP 	Created fixation = ShapeStim(__class__=<class 'psychopy.visual.shape.ShapeStim'>, anchor=('center', 'center'), autoDraw=False, autoLog=True, closeShape=True, color=method-wrapper(...), colorSpace='rgb', contrast=None, depth=-1.0, fillColor=array([1, 1, 1]), fillColorSpace='rgb', fillRGB=array([1, 1, 1]), interpolate=True, lineColor=array([1., 1., 1.]), lineColorSpace='rgb', lineRGB=array([1, 1, 1]), lineWidth=1.0, name='fixation', opacity=1.0, ori=0.0, pos=array([0., 0.]), size=array([0.5, 0.5]), units='height', vertices=ndarray(...), win=Window(...), windingRule=None)
7.3958 	EXP 	Instruction: autoDraw = True
8.0587 	EXP 	Imported demo.xlsx as conditions, 19 conditions, 2 params
8.1305 	EXP 	Created sequence: random, trialTypes=19, nReps=9999, seed=None
8.1502 	EXP 	New trial (rep=0, index=0): {'stimuli': 'images/demo (18).png', 'demo_face': 'y'}
8.1653 	EXP 	Instruction: autoDraw = False
8.1653 	EXP 	demoImage: image = 'images/demo (18).png'
8.1653 	EXP 	startDemo: autoDraw = True
8.1862 	DATA 	Keypress: y
9.0524 	EXP 	demoInstruction: autoDraw = True
9.1696 	EXP 	startDemo: autoDraw = False
10.0533 	EXP 	demoInstruction: autoDraw = False
10.0533 	EXP 	demoFixation: autoDraw = True
10.5526 	EXP 	demoFixation: autoDraw = False
10.5526 	EXP 	demoImage: autoDraw = True
11.3705 	EXP 	startDemo: autoDraw = False
11.3705 	EXP 	demoInstruction: autoDraw = False
11.3705 	EXP 	demoFixation: autoDraw = False
11.3705 	EXP 	demoImage: autoDraw = False
11.3705 	EXP 	Feedback: height = 0.05
11.3705 	EXP 	Feedback: height = 0.05
11.3705 	EXP 	Feedback: height = 0.05
11.3705 	EXP 	Feedback: text = 'demo_result\n$demo_face'
11.3705 	EXP 	Feedback: autoDraw = True
11.3727 	DATA 	Keypress: y
12.3698 	EXP 	Feedback: autoDraw = False
12.3698 	EXP 	demoLoop: autoDraw = True
15.4711 	DATA 	Keypress: escape
15.7788 	EXP 	window1: mouseVisible = True
