20.0250 	EXP 	Created window1 = Window(allowGUI=True, allowStencil=False, autoLog=True, backendConf=UNKNOWN, backgroundFit=<method-wrapper '__getattribute__' of attributeSetter object at 0x00000252CACA30A0>, backgroundImage=<method-wrapper '__getattribute__' of attributeSetter object at 0x00000252CACA3040>, bitsMode=UNKNOWN, blendMode='avg', bpc=(8, 8, 8), color=array([0, 0, 0]), colorSpace='rgb', depthBits=8, fullscr=<method-wrapper '__getattribute__' of attributeSetter object at 0x00000252CAC93D60>, gamma=None, gammaErrorPolicy='raise', lms=UNKNOWN, monitor=<psychopy.monitors.calibTools.Monitor object at 0x00000252CBC988E0>, multiSample=False, name='window1', numSamples=2, pos=(426, 266), screen=0, size=array([1707, 1067]), stencilBits=0, stereo=False, units='height', useFBO=True, useRetina=False, viewOri=0.0, viewPos=None, viewScale=None, waitBlanking=True, winType='pyglet')
20.0252 	EXP 	window1: mouseVisible = True
20.0252 	EXP 	window1: backgroundImage = ''
20.0252 	EXP 	window1: backgroundFit = 'none'
20.0253 	EXP 	window1: mouseVisible = True
20.0253 	EXP 	window1: Attempting to measure frame rate of screen (0) ...
20.0253 	EXP 	window1: recordFrameIntervals = False
20.1909 	EXP 	window1: recordFrameIntervals = True
20.3742 	EXP 	Screen (0) actual frame rate measured at 60.00Hz
20.3742 	EXP 	window1: recordFrameIntervals = False
20.3878 	WARNING 	launchHubServer: If using the iohub mouse or eyetracker devices, fullScr should be True.
21.6992 	EXP 	Created Instruction = TextStim(__class__=<class 'psychopy.visual.text.TextStim'>, alignHoriz=method-wrapper(...), alignText='center', alignVert=method-wrapper(...), anchorHoriz='center', anchorVert='center', antialias=True, autoDraw=False, autoLog=True, bold=False, color=array([1., 1., 1.]), colorSpace='rgb', contrast=1.0, depth=0.0, flipHoriz=False, flipVert=False, font='Open Sans', fontFiles=[], height=0.05, italic=False, languageStyle='LTR', name='Instruction', opacity=1.0, ori=0.0, pos=array([0., 0.]), rgb=UNKNOWN, text=str(...), units='height', win=Window(...), wrapWidth=1)
21.7031 	EXP 	Created startDemo = TextStim(__class__=<class 'psychopy.visual.text.TextStim'>, alignHoriz=method-wrapper(...), alignText='center', alignVert=method-wrapper(...), anchorHoriz='center', anchorVert='center', antialias=True, autoDraw=False, autoLog=True, bold=False, color=array([1., 1., 1.]), colorSpace='rgb', contrast=1.0, depth=0.0, flipHoriz=False, flipVert=False, font='Open Sans', fontFiles=[], height=0.05, italic=False, languageStyle='LTR', name='startDemo', opacity=1.0, ori=0.0, pos=array([0., 0.]), rgb=UNKNOWN, text='Before we start, let us try a demo.', units='height', win=Window(...), wrapWidth=1)
21.7089 	EXP 	Created demoInstruction = TextStim(__class__=<class 'psychopy.visual.text.TextStim'>, alignHoriz=method-wrapper(...), alignText='center', alignVert=method-wrapper(...), anchorHoriz='center', anchorVert='center', antialias=True, autoDraw=False, autoLog=True, bold=False, color=array([1., 1., 1.]), colorSpace='rgb', contrast=1.0, depth=-1.0, flipHoriz=False, flipVert=False, font='Open Sans', fontFiles=[], height=0.05, italic=False, languageStyle='LTR', name='demoInstruction', opacity=1.0, ori=0.0, pos=array([0., 0.]), rgb=UNKNOWN, text=str(...), units='height', win=Window(...), wrapWidth=1)
21.7115 	EXP 	Created demoFixation = ShapeStim(__class__=<class 'psychopy.visual.shape.ShapeStim'>, anchor=('center', 'center'), autoDraw=False, autoLog=True, closeShape=True, color=method-wrapper(...), colorSpace='rgb', contrast=None, depth=-2.0, fillColor=array([1, 1, 1]), fillColorSpace='rgb', fillRGB=array([1, 1, 1]), interpolate=True, lineColor=array([1., 1., 1.]), lineColorSpace='rgb', lineRGB=array([1, 1, 1]), lineWidth=1.0, name='demoFixation', opacity=1.0, ori=0.0, pos=array([0., 0.]), size=array([0.5, 0.5]), units='height', vertices=ndarray(...), win=Window(...), windingRule=None)
21.7207 	EXP 	Created demoImage = ImageStim(__class__=<class 'psychopy.visual.image.ImageStim'>, anchor=('center', 'center'), autoLog=True, color=array([1., 1., 1.]), colorSpace='rgb', contrast=1.0, depth=-3.0, flipHoriz=False, flipVert=False, image='default.png', interpolate=True, mask=None, maskParams=None, name='demoImage', opacity=1.0, ori=0.0, pos=array([0., 0.]), size=array([0.5, 0.5]), texRes=128.0, units='height', win=Window(...))
21.7215 	EXP 	Created Feedback = TextStim(__class__=<class 'psychopy.visual.text.TextStim'>, alignHoriz=method-wrapper(...), alignText='center', alignVert=method-wrapper(...), anchorHoriz='center', anchorVert='center', antialias=True, autoDraw=False, autoLog=True, bold=False, color=array([1., 1., 1.]), colorSpace='rgb', contrast=1.0, depth=-1.0, flipHoriz=False, flipVert=False, font='Open Sans', fontFiles=[], height=0.05, italic=False, languageStyle='LTR', name='Feedback', opacity=1.0, ori=0.0, pos=array([0., 0.]), rgb=UNKNOWN, text='', units='height', win=Window(...), wrapWidth=1)
21.7257 	EXP 	Created demoLoop = TextStim(__class__=<class 'psychopy.visual.text.TextStim'>, alignHoriz=method-wrapper(...), alignText='center', alignVert=method-wrapper(...), anchorHoriz='center', anchorVert='center', antialias=True, autoDraw=False, autoLog=True, bold=False, color=array([1., 1., 1.]), colorSpace='rgb', contrast=1.0, depth=-2.0, flipHoriz=False, flipVert=False, font='Open Sans', fontFiles=[], height=0.05, italic=False, languageStyle='LTR', name='demoLoop', opacity=1.0, ori=0.0, pos=array([0., 0.]), rgb=UNKNOWN, text=str(...), units='height', win=Window(...), wrapWidth=1)
21.7304 	EXP 	Created expInstruction = TextStim(__class__=<class 'psychopy.visual.text.TextStim'>, alignHoriz=method-wrapper(...), alignText='center', alignVert=method-wrapper(...), anchorHoriz='center', anchorVert='center', antialias=True, autoDraw=False, autoLog=True, bold=False, color=array([1., 1., 1.]), colorSpace='rgb', contrast=1.0, depth=0.0, flipHoriz=False, flipVert=False, font='Open Sans', fontFiles=[], height=0.05, italic=False, languageStyle='LTR', name='expInstruction', opacity=1.0, ori=0.0, pos=array([0., 0.]), rgb=UNKNOWN, text=str(...), units='height', win=Window(...), wrapWidth=1)
21.7321 	EXP 	Created fixation = ShapeStim(__class__=<class 'psychopy.visual.shape.ShapeStim'>, anchor=('center', 'center'), autoDraw=False, autoLog=True, closeShape=True, color=method-wrapper(...), colorSpace='rgb', contrast=None, depth=-1.0, fillColor=array([1, 1, 1]), fillColorSpace='rgb', fillRGB=array([1, 1, 1]), interpolate=True, lineColor=array([1., 1., 1.]), lineColorSpace='rgb', lineRGB=array([1, 1, 1]), lineWidth=1.0, name='fixation', opacity=1.0, ori=0.0, pos=array([0., 0.]), size=array([0.5, 0.5]), units='height', vertices=ndarray(...), win=Window(...), windingRule=None)
21.7375 	EXP 	Instruction: autoDraw = True
22.5804 	EXP 	Imported demo.xlsx as conditions, 19 conditions, 2 params
22.6522 	EXP 	Created sequence: random, trialTypes=19, nReps=9999, seed=None
22.6724 	EXP 	New trial (rep=0, index=0): {'stimuli': 'images/demo (13).png', 'demo_face': 'y'}
22.6885 	EXP 	Instruction: autoDraw = False
22.6885 	EXP 	demoImage: image = 'images/demo (13).png'
22.6885 	EXP 	startDemo: autoDraw = True
22.6898 	DATA 	Keypress: y
23.5911 	EXP 	demoInstruction: autoDraw = True
23.6911 	EXP 	startDemo: autoDraw = False
24.5767 	EXP 	demoFixation: autoDraw = True
24.5909 	EXP 	demoInstruction: autoDraw = False
25.0743 	EXP 	demoImage: autoDraw = True
25.0910 	EXP 	demoFixation: autoDraw = False
25.9966 	DATA 	Keypress: y
26.0006 	EXP 	startDemo: autoDraw = False
26.0006 	EXP 	demoInstruction: autoDraw = False
26.0006 	EXP 	demoFixation: autoDraw = False
26.0006 	EXP 	demoImage: autoDraw = False
26.0006 	EXP 	Feedback: height = 0.05
26.0006 	EXP 	Feedback: height = 0.05
26.0006 	EXP 	Feedback: height = 0.05
26.0006 	EXP 	Feedback: text = 'demo_face\n$demo_face'
26.0006 	EXP 	Feedback: autoDraw = True
26.9907 	EXP 	demoLoop: autoDraw = True
27.0076 	EXP 	Feedback: autoDraw = False
29.0264 	DATA 	Keypress: escape
29.5893 	EXP 	window1: mouseVisible = True
