9.7791 	EXP 	Created window1 = Window(allowGUI=True, allowStencil=False, autoLog=True, backendConf=UNKNOWN, backgroundFit=<method-wrapper '__getattribute__' of attributeSetter object at 0x000002CAA5D03FA0>, backgroundImage=<method-wrapper '__getattribute__' of attributeSetter object at 0x000002CAA5D03F40>, bitsMode=UNKNOWN, blendMode='avg', bpc=(8, 8, 8), color=array([0, 0, 0]), colorSpace='rgb', depthBits=8, fullscr=<method-wrapper '__getattribute__' of attributeSetter object at 0x000002CAA5D03C40>, gamma=None, gammaErrorPolicy='raise', lms=UNKNOWN, monitor=<psychopy.monitors.calibTools.Monitor object at 0x000002CAA6D08700>, multiSample=False, name='window1', numSamples=2, pos=(426, 266), screen=0, size=array([1707, 1067]), stencilBits=0, stereo=False, units='height', useFBO=True, useRetina=False, viewOri=0.0, viewPos=None, viewScale=None, waitBlanking=True, winType='pyglet')
9.7792 	EXP 	window1: mouseVisible = True
9.7792 	EXP 	window1: backgroundImage = ''
9.7792 	EXP 	window1: backgroundFit = 'none'
9.7793 	EXP 	window1: mouseVisible = True
9.7793 	EXP 	window1: Attempting to measure frame rate of screen (0) ...
9.7793 	EXP 	window1: recordFrameIntervals = False
9.9456 	EXP 	window1: recordFrameIntervals = True
10.1286 	EXP 	Screen (0) actual frame rate measured at 60.09Hz
10.1286 	EXP 	window1: recordFrameIntervals = False
10.1421 	WARNING 	launchHubServer: If using the iohub mouse or eyetracker devices, fullScr should be True.
11.4526 	EXP 	Created Instruction = TextStim(__class__=<class 'psychopy.visual.text.TextStim'>, alignHoriz=method-wrapper(...), alignText='center', alignVert=method-wrapper(...), anchorHoriz='center', anchorVert='center', antialias=True, autoDraw=False, autoLog=True, bold=False, color=array([1., 1., 1.]), colorSpace='rgb', contrast=1.0, depth=0.0, flipHoriz=False, flipVert=False, font='Open Sans', fontFiles=[], height=0.05, italic=False, languageStyle='LTR', name='Instruction', opacity=1.0, ori=0.0, pos=array([0., 0.]), rgb=UNKNOWN, text=str(...), units='height', win=Window(...), wrapWidth=1)
11.4560 	EXP 	Created startDemo = TextStim(__class__=<class 'psychopy.visual.text.TextStim'>, alignHoriz=method-wrapper(...), alignText='center', alignVert=method-wrapper(...), anchorHoriz='center', anchorVert='center', antialias=True, autoDraw=False, autoLog=True, bold=False, color=array([1., 1., 1.]), colorSpace='rgb', contrast=1.0, depth=0.0, flipHoriz=False, flipVert=False, font='Open Sans', fontFiles=[], height=0.05, italic=False, languageStyle='LTR', name='startDemo', opacity=1.0, ori=0.0, pos=array([0., 0.]), rgb=UNKNOWN, text='Before we start, let us try a demo.', units='height', win=Window(...), wrapWidth=1)
11.4611 	EXP 	Created demoInstruction = TextStim(__class__=<class 'psychopy.visual.text.TextStim'>, alignHoriz=method-wrapper(...), alignText='center', alignVert=method-wrapper(...), anchorHoriz='center', anchorVert='center', antialias=True, autoDraw=False, autoLog=True, bold=False, color=array([1., 1., 1.]), colorSpace='rgb', contrast=1.0, depth=-1.0, flipHoriz=False, flipVert=False, font='Open Sans', fontFiles=[], height=0.05, italic=False, languageStyle='LTR', name='demoInstruction', opacity=1.0, ori=0.0, pos=array([0., 0.]), rgb=UNKNOWN, text=str(...), units='height', win=Window(...), wrapWidth=1)
11.4636 	EXP 	Created demoFixation = ShapeStim(__class__=<class 'psychopy.visual.shape.ShapeStim'>, anchor=('center', 'center'), autoDraw=False, autoLog=True, closeShape=True, color=method-wrapper(...), colorSpace='rgb', contrast=None, depth=-2.0, fillColor=array([1, 1, 1]), fillColorSpace='rgb', fillRGB=array([1, 1, 1]), interpolate=True, lineColor=array([1., 1., 1.]), lineColorSpace='rgb', lineRGB=array([1, 1, 1]), lineWidth=1.0, name='demoFixation', opacity=1.0, ori=0.0, pos=array([0., 0.]), size=array([0.5, 0.5]), units='height', vertices=ndarray(...), win=Window(...), windingRule=None)
11.4718 	EXP 	Created demoImage = ImageStim(__class__=<class 'psychopy.visual.image.ImageStim'>, anchor=('center', 'center'), autoLog=True, color=array([1., 1., 1.]), colorSpace='rgb', contrast=1.0, depth=-3.0, flipHoriz=False, flipVert=False, image='default.png', interpolate=True, mask=None, maskParams=None, name='demoImage', opacity=1.0, ori=0.0, pos=array([0., 0.]), size=array([0.5, 0.5]), texRes=128.0, units='height', win=Window(...))
11.4727 	EXP 	Created Feedback = TextStim(__class__=<class 'psychopy.visual.text.TextStim'>, alignHoriz=method-wrapper(...), alignText='center', alignVert=method-wrapper(...), anchorHoriz='center', anchorVert='center', antialias=True, autoDraw=False, autoLog=True, bold=False, color=array([1., 1., 1.]), colorSpace='rgb', contrast=1.0, depth=-1.0, flipHoriz=False, flipVert=False, font='Open Sans', fontFiles=[], height=0.05, italic=False, languageStyle='LTR', name='Feedback', opacity=1.0, ori=0.0, pos=array([0., 0.]), rgb=UNKNOWN, text='', units='height', win=Window(...), wrapWidth=1)
11.4769 	EXP 	Created demoLoop = TextStim(__class__=<class 'psychopy.visual.text.TextStim'>, alignHoriz=method-wrapper(...), alignText='center', alignVert=method-wrapper(...), anchorHoriz='center', anchorVert='center', antialias=True, autoDraw=False, autoLog=True, bold=False, color=array([1., 1., 1.]), colorSpace='rgb', contrast=1.0, depth=-2.0, flipHoriz=False, flipVert=False, font='Open Sans', fontFiles=[], height=0.05, italic=False, languageStyle='LTR', name='demoLoop', opacity=1.0, ori=0.0, pos=array([0., 0.]), rgb=UNKNOWN, text=str(...), units='height', win=Window(...), wrapWidth=1)
11.4815 	EXP 	Created expInstruction = TextStim(__class__=<class 'psychopy.visual.text.TextStim'>, alignHoriz=method-wrapper(...), alignText='center', alignVert=method-wrapper(...), anchorHoriz='center', anchorVert='center', antialias=True, autoDraw=False, autoLog=True, bold=False, color=array([1., 1., 1.]), colorSpace='rgb', contrast=1.0, depth=0.0, flipHoriz=False, flipVert=False, font='Open Sans', fontFiles=[], height=0.05, italic=False, languageStyle='LTR', name='expInstruction', opacity=1.0, ori=0.0, pos=array([0., 0.]), rgb=UNKNOWN, text=str(...), units='height', win=Window(...), wrapWidth=1)
11.4831 	EXP 	Created fixation = ShapeStim(__class__=<class 'psychopy.visual.shape.ShapeStim'>, anchor=('center', 'center'), autoDraw=False, autoLog=True, closeShape=True, color=method-wrapper(...), colorSpace='rgb', contrast=None, depth=-1.0, fillColor=array([1, 1, 1]), fillColorSpace='rgb', fillRGB=array([1, 1, 1]), interpolate=True, lineColor=array([1., 1., 1.]), lineColorSpace='rgb', lineRGB=array([1, 1, 1]), lineWidth=1.0, name='fixation', opacity=1.0, ori=0.0, pos=array([0., 0.]), size=array([0.5, 0.5]), units='height', vertices=ndarray(...), win=Window(...), windingRule=None)
11.4886 	EXP 	Instruction: autoDraw = True
12.7849 	EXP 	Imported demo.xlsx as conditions, 19 conditions, 2 params
12.8572 	EXP 	Created sequence: random, trialTypes=19, nReps=9999, seed=None
12.8768 	EXP 	New trial (rep=0, index=0): {'stimuli': 'images/demo (6).png', 'demo_face': 'y'}
12.8919 	EXP 	Instruction: autoDraw = False
12.8919 	EXP 	demoImage: image = 'images/demo (6).png'
12.8919 	EXP 	startDemo: autoDraw = True
12.9115 	DATA 	Keypress: y
13.7952 	EXP 	demoInstruction: autoDraw = True
13.8954 	EXP 	startDemo: autoDraw = False
14.7969 	EXP 	demoInstruction: autoDraw = False
14.7969 	EXP 	demoFixation: autoDraw = True
15.2954 	EXP 	demoFixation: autoDraw = False
15.2954 	EXP 	demoImage: autoDraw = True
16.0346 	EXP 	startDemo: autoDraw = False
16.0346 	EXP 	demoInstruction: autoDraw = False
16.0346 	EXP 	demoFixation: autoDraw = False
16.0346 	EXP 	demoImage: autoDraw = False
16.0346 	EXP 	Feedback: height = 0.05
16.0346 	EXP 	Feedback: height = 0.05
16.0346 	EXP 	Feedback: height = 0.05
16.0346 	EXP 	Feedback: text = ' '
16.0346 	EXP 	Feedback: autoDraw = True
16.0363 	DATA 	Keypress: y
17.0286 	EXP 	demoLoop: autoDraw = True
17.0455 	EXP 	Feedback: autoDraw = False
18.0975 	DATA 	Keypress: escape
18.3690 	EXP 	window1: mouseVisible = True
