8.9604 	EXP 	Created window1 = Window(allowGUI=True, allowStencil=False, autoLog=True, backendConf=UNKNOWN, backgroundFit=<method-wrapper '__getattribute__' of attributeSetter object at 0x00000206C0976C10>, backgroundImage=<method-wrapper '__getattribute__' of attributeSetter object at 0x00000206C0976BB0>, bitsMode=UNKNOWN, blendMode='avg', bpc=(8, 8, 8), color=array([0, 0, 0]), colorSpace='rgb', depthBits=8, fullscr=<method-wrapper '__getattribute__' of attributeSetter object at 0x00000206C09768E0>, gamma=None, gammaErrorPolicy='raise', lms=UNKNOWN, monitor=<psychopy.monitors.calibTools.Monitor object at 0x00000206C19784F0>, multiSample=False, name='window1', numSamples=2, pos=(426, 266), screen=0, size=array([1707, 1067]), stencilBits=0, stereo=False, units='height', useFBO=True, useRetina=False, viewOri=0.0, viewPos=None, viewScale=None, waitBlanking=True, winType='pyglet')
8.9608 	EXP 	window1: mouseVisible = True
8.9608 	EXP 	window1: backgroundImage = ''
8.9608 	EXP 	window1: backgroundFit = 'none'
8.9609 	EXP 	window1: mouseVisible = True
8.9609 	EXP 	window1: Attempting to measure frame rate of screen (0) ...
8.9609 	EXP 	window1: recordFrameIntervals = False
9.1269 	EXP 	window1: recordFrameIntervals = True
9.2089 	WARNING 	t of last frame was 21.70ms (=1/46)
9.3364 	WARNING 	t of last frame was 64.89ms (=1/15)
9.4033 	WARNING 	t of last frame was 66.89ms (=1/14)
9.5719 	EXP 	Screen (0) actual frame rate measured at 59.41Hz
9.5719 	EXP 	window1: recordFrameIntervals = False
9.5985 	WARNING 	launchHubServer: If using the iohub mouse or eyetracker devices, fullScr should be True.
11.5775 	EXP 	Created Instruction = TextStim(__class__=<class 'psychopy.visual.text.TextStim'>, alignHoriz=method-wrapper(...), alignText='center', alignVert=method-wrapper(...), anchorHoriz='center', anchorVert='center', antialias=True, autoDraw=False, autoLog=True, bold=False, color=array([1., 1., 1.]), colorSpace='rgb', contrast=1.0, depth=0.0, flipHoriz=False, flipVert=False, font='Open Sans', fontFiles=[], height=0.05, italic=False, languageStyle='LTR', name='Instruction', opacity=1.0, ori=0.0, pos=array([0., 0.]), rgb=UNKNOWN, text=str(...), units='height', win=Window(...), wrapWidth=1)
11.5830 	EXP 	Created startDemo = TextStim(__class__=<class 'psychopy.visual.text.TextStim'>, alignHoriz=method-wrapper(...), alignText='center', alignVert=method-wrapper(...), anchorHoriz='center', anchorVert='center', antialias=True, autoDraw=False, autoLog=True, bold=False, color=array([1., 1., 1.]), colorSpace='rgb', contrast=1.0, depth=0.0, flipHoriz=False, flipVert=False, font='Open Sans', fontFiles=[], height=0.05, italic=False, languageStyle='LTR', name='startDemo', opacity=1.0, ori=0.0, pos=array([0., 0.]), rgb=UNKNOWN, text='Before we start, let us try a demo.', units='height', win=Window(...), wrapWidth=1)
11.5919 	EXP 	Created demoInstruction = TextStim(__class__=<class 'psychopy.visual.text.TextStim'>, alignHoriz=method-wrapper(...), alignText='center', alignVert=method-wrapper(...), anchorHoriz='center', anchorVert='center', antialias=True, autoDraw=False, autoLog=True, bold=False, color=array([1., 1., 1.]), colorSpace='rgb', contrast=1.0, depth=-1.0, flipHoriz=False, flipVert=False, font='Open Sans', fontFiles=[], height=0.05, italic=False, languageStyle='LTR', name='demoInstruction', opacity=1.0, ori=0.0, pos=array([0., 0.]), rgb=UNKNOWN, text=str(...), units='height', win=Window(...), wrapWidth=1)
11.5966 	EXP 	Created demoFixation = ShapeStim(__class__=<class 'psychopy.visual.shape.ShapeStim'>, anchor=('center', 'center'), autoDraw=False, autoLog=True, closeShape=True, color=method-wrapper(...), colorSpace='rgb', contrast=None, depth=-2.0, fillColor=array([1, 1, 1]), fillColorSpace='rgb', fillRGB=array([1, 1, 1]), interpolate=True, lineColor=array([1., 1., 1.]), lineColorSpace='rgb', lineRGB=array([1, 1, 1]), lineWidth=1.0, name='demoFixation', opacity=1.0, ori=0.0, pos=array([0., 0.]), size=array([0.5, 0.5]), units='height', vertices=ndarray(...), win=Window(...), windingRule=None)
11.6187 	EXP 	Created demoImage = ImageStim(__class__=<class 'psychopy.visual.image.ImageStim'>, anchor=('center', 'center'), autoLog=True, color=array([1., 1., 1.]), colorSpace='rgb', contrast=1.0, depth=-3.0, flipHoriz=False, flipVert=False, image='default.png', interpolate=True, mask=None, maskParams=None, name='demoImage', opacity=1.0, ori=0.0, pos=array([0., 0.]), size=array([0.5, 0.5]), texRes=128.0, units='height', win=Window(...))
11.6198 	EXP 	Created Feedback = TextStim(__class__=<class 'psychopy.visual.text.TextStim'>, alignHoriz=method-wrapper(...), alignText='center', alignVert=method-wrapper(...), anchorHoriz='center', anchorVert='center', antialias=True, autoDraw=False, autoLog=True, bold=False, color=array([1., 1., 1.]), colorSpace='rgb', contrast=1.0, depth=0.0, flipHoriz=False, flipVert=False, font='Open Sans', fontFiles=[], height=0.05, italic=False, languageStyle='LTR', name='Feedback', opacity=1.0, ori=0.0, pos=array([0., 0.]), rgb=UNKNOWN, text='', units='height', win=Window(...), wrapWidth=1)
11.6263 	EXP 	Created demoLoop = TextStim(__class__=<class 'psychopy.visual.text.TextStim'>, alignHoriz=method-wrapper(...), alignText='center', alignVert=method-wrapper(...), anchorHoriz='center', anchorVert='center', antialias=True, autoDraw=False, autoLog=True, bold=False, color=array([1., 1., 1.]), colorSpace='rgb', contrast=1.0, depth=-1.0, flipHoriz=False, flipVert=False, font='Open Sans', fontFiles=[], height=0.05, italic=False, languageStyle='LTR', name='demoLoop', opacity=1.0, ori=0.0, pos=array([0., 0.]), rgb=UNKNOWN, text=str(...), units='height', win=Window(...), wrapWidth=1)
11.6342 	EXP 	Created expInstruction = TextStim(__class__=<class 'psychopy.visual.text.TextStim'>, alignHoriz=method-wrapper(...), alignText='center', alignVert=method-wrapper(...), anchorHoriz='center', anchorVert='center', antialias=True, autoDraw=False, autoLog=True, bold=False, color=array([1., 1., 1.]), colorSpace='rgb', contrast=1.0, depth=0.0, flipHoriz=False, flipVert=False, font='Open Sans', fontFiles=[], height=0.05, italic=False, languageStyle='LTR', name='expInstruction', opacity=1.0, ori=0.0, pos=array([0., 0.]), rgb=UNKNOWN, text=str(...), units='height', win=Window(...), wrapWidth=1)
11.6362 	EXP 	Created fixation = ShapeStim(__class__=<class 'psychopy.visual.shape.ShapeStim'>, anchor=('center', 'center'), autoDraw=False, autoLog=True, closeShape=True, color=method-wrapper(...), colorSpace='rgb', contrast=None, depth=-1.0, fillColor=array([1, 1, 1]), fillColorSpace='rgb', fillRGB=array([1, 1, 1]), interpolate=True, lineColor=array([1., 1., 1.]), lineColorSpace='rgb', lineRGB=array([1, 1, 1]), lineWidth=1.0, name='fixation', opacity=1.0, ori=0.0, pos=array([0., 0.]), size=array([0.5, 0.5]), units='height', vertices=ndarray(...), win=Window(...), windingRule=None)
11.6519 	EXP 	Instruction: autoDraw = True
14.5852 	EXP 	Imported demo.xlsx as conditions, 19 conditions, 2 params
14.7656 	EXP 	Created sequence: random, trialTypes=19, nReps=9999, seed=None
14.8127 	EXP 	New trial (rep=0, index=0): {'stimuli': 'images/demo (16).png', 'demo_face': 'y'}
14.8498 	EXP 	Instruction: autoDraw = False
14.8498 	EXP 	demoImage: image = 'images/demo (16).png'
14.8498 	EXP 	startDemo: autoDraw = True
15.5891 	EXP 	demoInstruction: autoDraw = True
15.8551 	EXP 	startDemo: autoDraw = False
16.5989 	EXP 	demoInstruction: autoDraw = False
16.5989 	EXP 	demoFixation: autoDraw = True
17.0722 	EXP 	demoImage: autoDraw = True
17.1058 	EXP 	demoFixation: autoDraw = False
19.3567 	EXP 	startDemo: autoDraw = False
19.3567 	EXP 	demoInstruction: autoDraw = False
19.3567 	EXP 	demoFixation: autoDraw = False
19.3567 	EXP 	demoImage: autoDraw = False
19.3567 	EXP 	Feedback: height = 0.05
19.3567 	EXP 	Feedback: height = 0.05
19.3567 	EXP 	Feedback: height = 0.05
19.3567 	EXP 	Feedback: text = 'Correct'
19.3567 	EXP 	Feedback: autoDraw = True
20.3391 	EXP 	demoLoop: autoDraw = True
20.3552 	EXP 	Feedback: autoDraw = False
21.4591 	DATA 	Keypress: lshift
22.3413 	EXP 	Created sequence: random, trialTypes=1, nReps=5, seed=None
22.3415 	EXP 	New trial (rep=0, index=0): None
22.3524 	EXP 	Feedback: autoDraw = False
22.3524 	EXP 	demoLoop: autoDraw = False
22.3524 	EXP 	fixation: autoDraw = True
22.3546 	DATA 	Keypress: y
22.8552 	EXP 	expInstruction: autoDraw = True
22.8552 	EXP 	fixation: autoDraw = False
23.3405 	EXP 	New trial (rep=1, index=0): None
23.3555 	EXP 	expInstruction: autoDraw = False
23.3555 	EXP 	expInstruction: autoDraw = False
23.3555 	EXP 	fixation: autoDraw = False
23.3555 	EXP 	fixation: autoDraw = True
23.8554 	EXP 	expInstruction: autoDraw = True
23.8554 	EXP 	fixation: autoDraw = False
24.3404 	EXP 	New trial (rep=2, index=0): None
24.3552 	EXP 	expInstruction: autoDraw = False
24.3552 	EXP 	expInstruction: autoDraw = False
24.3552 	EXP 	fixation: autoDraw = False
24.3552 	EXP 	fixation: autoDraw = True
24.8550 	EXP 	expInstruction: autoDraw = True
24.8550 	EXP 	fixation: autoDraw = False
25.3402 	EXP 	New trial (rep=3, index=0): None
25.3553 	EXP 	expInstruction: autoDraw = False
25.3553 	EXP 	expInstruction: autoDraw = False
25.3553 	EXP 	fixation: autoDraw = False
25.3553 	EXP 	fixation: autoDraw = True
25.8551 	EXP 	expInstruction: autoDraw = True
25.8551 	EXP 	fixation: autoDraw = False
26.3401 	EXP 	New trial (rep=4, index=0): None
26.3556 	EXP 	expInstruction: autoDraw = False
26.3556 	EXP 	expInstruction: autoDraw = False
26.3556 	EXP 	fixation: autoDraw = False
26.3556 	EXP 	fixation: autoDraw = True
26.8556 	EXP 	expInstruction: autoDraw = True
26.8556 	EXP 	fixation: autoDraw = False
27.3555 	EXP 	expInstruction: autoDraw = False
27.3555 	EXP 	expInstruction: autoDraw = False
27.3555 	EXP 	fixation: autoDraw = False
27.5471 	EXP 	window1: mouseVisible = True
