6.0434 	EXP 	Created window1 = Window(allowGUI=True, allowStencil=False, autoLog=True, backendConf=UNKNOWN, backgroundFit=<method-wrapper '__getattribute__' of attributeSetter object at 0x000001EC0E806D90>, backgroundImage=<method-wrapper '__getattribute__' of attributeSetter object at 0x000001EC0E806D30>, bitsMode=UNKNOWN, blendMode='avg', bpc=(8, 8, 8), color=array([0, 0, 0]), colorSpace='rgb', depthBits=8, fullscr=<method-wrapper '__getattribute__' of attributeSetter object at 0x000001EC0E806A30>, gamma=None, gammaErrorPolicy='raise', lms=UNKNOWN, monitor=<psychopy.monitors.calibTools.Monitor object at 0x000001EC0F80C5B0>, multiSample=False, name='window1', numSamples=2, pos=(426, 266), screen=0, size=array([1707, 1067]), stencilBits=0, stereo=False, units='height', useFBO=True, useRetina=False, viewOri=0.0, viewPos=None, viewScale=None, waitBlanking=True, winType='pyglet')
6.0435 	EXP 	window1: mouseVisible = True
6.0435 	EXP 	window1: backgroundImage = ''
6.0435 	EXP 	window1: backgroundFit = 'none'
6.0435 	EXP 	window1: mouseVisible = True
6.0435 	EXP 	window1: Attempting to measure frame rate of screen (0) ...
6.0436 	EXP 	window1: recordFrameIntervals = False
6.2099 	EXP 	window1: recordFrameIntervals = True
6.3931 	EXP 	Screen (0) actual frame rate measured at 60.18Hz
6.3931 	EXP 	window1: recordFrameIntervals = False
6.4064 	WARNING 	launchHubServer: If using the iohub mouse or eyetracker devices, fullScr should be True.
7.7190 	EXP 	Created Instruction = TextStim(__class__=<class 'psychopy.visual.text.TextStim'>, alignHoriz=method-wrapper(...), alignText='center', alignVert=method-wrapper(...), anchorHoriz='center', anchorVert='center', antialias=True, autoDraw=False, autoLog=True, bold=False, color=array([1., 1., 1.]), colorSpace='rgb', contrast=1.0, depth=0.0, flipHoriz=False, flipVert=False, font='Open Sans', fontFiles=[], height=0.05, italic=False, languageStyle='LTR', name='Instruction', opacity=1.0, ori=0.0, pos=array([0., 0.]), rgb=UNKNOWN, text=str(...), units='height', win=Window(...), wrapWidth=1)
7.7229 	EXP 	Created startDemo = TextStim(__class__=<class 'psychopy.visual.text.TextStim'>, alignHoriz=method-wrapper(...), alignText='center', alignVert=method-wrapper(...), anchorHoriz='center', anchorVert='center', antialias=True, autoDraw=False, autoLog=True, bold=False, color=array([1., 1., 1.]), colorSpace='rgb', contrast=1.0, depth=0.0, flipHoriz=False, flipVert=False, font='Open Sans', fontFiles=[], height=0.05, italic=False, languageStyle='LTR', name='startDemo', opacity=1.0, ori=0.0, pos=array([0., 0.]), rgb=UNKNOWN, text='Before we start, let us try a demo.', units='height', win=Window(...), wrapWidth=1)
7.7283 	EXP 	Created demoInstruction = TextStim(__class__=<class 'psychopy.visual.text.TextStim'>, alignHoriz=method-wrapper(...), alignText='center', alignVert=method-wrapper(...), anchorHoriz='center', anchorVert='center', antialias=True, autoDraw=False, autoLog=True, bold=False, color=array([1., 1., 1.]), colorSpace='rgb', contrast=1.0, depth=-1.0, flipHoriz=False, flipVert=False, font='Open Sans', fontFiles=[], height=0.05, italic=False, languageStyle='LTR', name='demoInstruction', opacity=1.0, ori=0.0, pos=array([0., 0.]), rgb=UNKNOWN, text=str(...), units='height', win=Window(...), wrapWidth=1)
7.7311 	EXP 	Created demoFixation = ShapeStim(__class__=<class 'psychopy.visual.shape.ShapeStim'>, anchor=('center', 'center'), autoDraw=False, autoLog=True, closeShape=True, color=method-wrapper(...), colorSpace='rgb', contrast=None, depth=-2.0, fillColor=array([1, 1, 1]), fillColorSpace='rgb', fillRGB=array([1, 1, 1]), interpolate=True, lineColor=array([1., 1., 1.]), lineColorSpace='rgb', lineRGB=array([1, 1, 1]), lineWidth=1.0, name='demoFixation', opacity=1.0, ori=0.0, pos=array([0., 0.]), size=array([0.5, 0.5]), units='height', vertices=ndarray(...), win=Window(...), windingRule=None)
7.7396 	EXP 	Created demoImage = ImageStim(__class__=<class 'psychopy.visual.image.ImageStim'>, anchor=('center', 'center'), autoLog=True, color=array([1., 1., 1.]), colorSpace='rgb', contrast=1.0, depth=-3.0, flipHoriz=False, flipVert=False, image='default.png', interpolate=True, mask=None, maskParams=None, name='demoImage', opacity=1.0, ori=0.0, pos=array([0., 0.]), size=array([0.5, 0.5]), texRes=128.0, units='height', win=Window(...))
7.7405 	EXP 	Created Feedback = TextStim(__class__=<class 'psychopy.visual.text.TextStim'>, alignHoriz=method-wrapper(...), alignText='center', alignVert=method-wrapper(...), anchorHoriz='center', anchorVert='center', antialias=True, autoDraw=False, autoLog=True, bold=False, color=array([1., 1., 1.]), colorSpace='rgb', contrast=1.0, depth=-1.0, flipHoriz=False, flipVert=False, font='Open Sans', fontFiles=[], height=0.05, italic=False, languageStyle='LTR', name='Feedback', opacity=1.0, ori=0.0, pos=array([0., 0.]), rgb=UNKNOWN, text='', units='height', win=Window(...), wrapWidth=1)
7.7448 	EXP 	Created demoLoop = TextStim(__class__=<class 'psychopy.visual.text.TextStim'>, alignHoriz=method-wrapper(...), alignText='center', alignVert=method-wrapper(...), anchorHoriz='center', anchorVert='center', antialias=True, autoDraw=False, autoLog=True, bold=False, color=array([1., 1., 1.]), colorSpace='rgb', contrast=1.0, depth=-2.0, flipHoriz=False, flipVert=False, font='Open Sans', fontFiles=[], height=0.05, italic=False, languageStyle='LTR', name='demoLoop', opacity=1.0, ori=0.0, pos=array([0., 0.]), rgb=UNKNOWN, text=str(...), units='height', win=Window(...), wrapWidth=1)
7.7494 	EXP 	Created expInstruction = TextStim(__class__=<class 'psychopy.visual.text.TextStim'>, alignHoriz=method-wrapper(...), alignText='center', alignVert=method-wrapper(...), anchorHoriz='center', anchorVert='center', antialias=True, autoDraw=False, autoLog=True, bold=False, color=array([1., 1., 1.]), colorSpace='rgb', contrast=1.0, depth=0.0, flipHoriz=False, flipVert=False, font='Open Sans', fontFiles=[], height=0.05, italic=False, languageStyle='LTR', name='expInstruction', opacity=1.0, ori=0.0, pos=array([0., 0.]), rgb=UNKNOWN, text=str(...), units='height', win=Window(...), wrapWidth=1)
7.7510 	EXP 	Created fixation = ShapeStim(__class__=<class 'psychopy.visual.shape.ShapeStim'>, anchor=('center', 'center'), autoDraw=False, autoLog=True, closeShape=True, color=method-wrapper(...), colorSpace='rgb', contrast=None, depth=-1.0, fillColor=array([1, 1, 1]), fillColorSpace='rgb', fillRGB=array([1, 1, 1]), interpolate=True, lineColor=array([1., 1., 1.]), lineColorSpace='rgb', lineRGB=array([1, 1, 1]), lineWidth=1.0, name='fixation', opacity=1.0, ori=0.0, pos=array([0., 0.]), size=array([0.5, 0.5]), units='height', vertices=ndarray(...), win=Window(...), windingRule=None)
7.7569 	EXP 	Instruction: autoDraw = True
8.3827 	EXP 	Imported demo.xlsx as conditions, 19 conditions, 2 params
8.4562 	EXP 	Created sequence: random, trialTypes=19, nReps=9999, seed=None
8.4761 	EXP 	New trial (rep=0, index=0): {'stimuli': 'images/demo (19).png', 'demo_face': 'y'}
8.4914 	EXP 	Instruction: autoDraw = False
8.4914 	EXP 	demoImage: image = 'images/demo (19).png'
8.4914 	EXP 	startDemo: autoDraw = True
8.4929 	DATA 	Keypress: y
9.3933 	EXP 	demoInstruction: autoDraw = True
9.4928 	EXP 	startDemo: autoDraw = False
9.8947 	DATA 	Keypress: y
10.4035 	EXP 	demoInstruction: autoDraw = False
10.4035 	EXP 	demoFixation: autoDraw = True
10.8766 	EXP 	demoImage: autoDraw = True
10.9095 	EXP 	demoFixation: autoDraw = False
11.6867 	EXP 	startDemo: autoDraw = False
11.6867 	EXP 	demoInstruction: autoDraw = False
11.6867 	EXP 	demoFixation: autoDraw = False
11.6867 	EXP 	demoImage: autoDraw = False
11.6867 	EXP 	Feedback: height = 0.05
11.6867 	EXP 	Feedback: height = 0.05
11.6867 	EXP 	Feedback: height = 0.05
11.6867 	EXP 	Feedback: text = 'demo_face\n\n$demo_result'
11.6867 	EXP 	Feedback: autoDraw = True
11.6881 	DATA 	Keypress: y
12.6759 	EXP 	demoLoop: autoDraw = True
12.6929 	EXP 	Feedback: autoDraw = False
16.0140 	EXP 	Created sequence: random, trialTypes=1, nReps=5, seed=None
16.0141 	EXP 	New trial (rep=0, index=0): None
16.0154 	DATA 	Keypress: y
16.0204 	EXP 	Feedback: autoDraw = False
16.0204 	EXP 	demoLoop: autoDraw = False
16.0204 	EXP 	fixation: autoDraw = True
16.5267 	EXP 	expInstruction: autoDraw = True
16.5267 	EXP 	fixation: autoDraw = False
17.0104 	EXP 	New trial (rep=1, index=0): None
17.0264 	EXP 	expInstruction: autoDraw = False
17.0264 	EXP 	expInstruction: autoDraw = False
17.0264 	EXP 	fixation: autoDraw = False
17.0264 	EXP 	fixation: autoDraw = True
17.5263 	EXP 	expInstruction: autoDraw = True
17.5263 	EXP 	fixation: autoDraw = False
18.0108 	EXP 	New trial (rep=2, index=0): None
18.0264 	EXP 	expInstruction: autoDraw = False
18.0264 	EXP 	expInstruction: autoDraw = False
18.0264 	EXP 	fixation: autoDraw = False
18.0264 	EXP 	fixation: autoDraw = True
18.0614 	DATA 	Keypress: escape
18.6411 	EXP 	window1: mouseVisible = True
